------------------- MOOSDB V10 -------------------
  Hosting  community                [1;32m"#1"
[0m  Name look up is                   [31moff
[0m  Asynchronous support is           [1;32mon
[0m  Connect to this server on port    [32m9000[0m
--------------------------------------------------
[1;33mnetwork performance data published on localhost:9090
listen with "nc -u -lk 9090"

------------[1;32mCONNECT[0m-------------
New client connected:
  Handshaking   :  [32mOK
[0m  Client's name :  [32muMS[rypkema-P15xEMx][0m
  Type          :  [32mSynchronous[0m
  Priority      :  [32mnormal[0m
  Total Clients :  [32m1[0m
--------------------------------

------------[1;32mCONNECT[0m-------------
New client connected:
  Handshaking   :  [32mOK
[0m  Client's name :  [32mpPrimeFactor[0m
  Type          :  [1;33mAsynchronous[0m
  Priority      :  [32mnormal[0m
  Total Clients :  [32m2[0m
--------------------------------
+ subs of "pPrimeFactor" to "NUM_VALUE" every 0.0 seconds

----------[1;33mDISCONNECT[0m------------
[33mpPrimeFactor is leaving...           [1;32m[OK]
[0m--------------------------------

------------[1;32mCONNECT[0m-------------
New client connected:
  Handshaking   :  [32mOK
[0m  Client's name :  [32mpPrimeFactor[0m
  Type          :  [1;33mAsynchronous[0m
  Priority      :  [32mnormal[0m
  Total Clients :  [32m2[0m
--------------------------------
+ subs of "pPrimeFactor" to "NUM_VALUE" every 0.0 seconds

----------[1;33mDISCONNECT[0m------------
[33mpPrimeFactor is leaving...           [1;32m[OK]
[0m--------------------------------

------------[1;32mCONNECT[0m-------------
New client connected:
  Handshaking   :  [32mOK
[0m  Client's name :  [32mpPrimeFactor[0m
  Type          :  [1;33mAsynchronous[0m
  Priority      :  [32mnormal[0m
  Total Clients :  [32m2[0m
--------------------------------
+ subs of "pPrimeFactor" to "NUM_VALUE" every 0.0 seconds

----------[1;33mDISCONNECT[0m------------
[33mpPrimeFactor is leaving...           [1;32m[OK]
[0m--------------------------------

------------[1;32mCONNECT[0m-------------
New client connected:
  Handshaking   :  [32mOK
[0m  Client's name :  [32mpPrimeFactor[0m
  Type          :  [1;33mAsynchronous[0m
  Priority      :  [32mnormal[0m
  Total Clients :  [32m2[0m
--------------------------------
+ subs of "pPrimeFactor" to "NUM_VALUE" every 0.0 seconds

----------[1;33mDISCONNECT[0m------------
[33mpPrimeFactor is leaving...           [1;32m[OK]
[0m--------------------------------

------------[1;32mCONNECT[0m-------------
New client connected:
  Handshaking   :  [32mOK
[0m  Client's name :  [32mpPrimeFactor[0m
  Type          :  [1;33mAsynchronous[0m
  Priority      :  [32mnormal[0m
  Total Clients :  [32m2[0m
--------------------------------
+ subs of "pPrimeFactor" to "NUM_VALUE" every 0.0 seconds

----------[1;33mDISCONNECT[0m------------
[33mpPrimeFactor is leaving...           [1;32m[OK]
[0m--------------------------------

------------[1;32mCONNECT[0m-------------
New client connected:
  Handshaking   :  [32mOK
[0m  Client's name :  [32mpPrimeFactor[0m
  Type          :  [1;33mAsynchronous[0m
  Priority      :  [32mnormal[0m
  Total Clients :  [32m2[0m
--------------------------------
+ subs of "pPrimeFactor" to "NUM_VALUE" every 0.0 seconds

----------[1;33mDISCONNECT[0m------------
[33mpPrimeFactor is leaving...           [1;32m[OK]
[0m--------------------------------

------------[1;32mCONNECT[0m-------------
New client connected:
  Handshaking   :  [32mOK
[0m  Client's name :  [32mpPrimeFactor[0m
  Type          :  [1;33mAsynchronous[0m
  Priority      :  [32mnormal[0m
  Total Clients :  [32m2[0m
--------------------------------
+ subs of "pPrimeFactor" to "NUM_VALUE" every 0.0 seconds

----------[1;33mDISCONNECT[0m------------
[33mpPrimeFactor is leaving...           [1;32m[OK]
[0m--------------------------------

------------[1;32mCONNECT[0m-------------
New client connected:
  Handshaking   :  [32mOK
[0m  Client's name :  [32mpPrimeFactor[0m
  Type          :  [1;33mAsynchronous[0m
  Priority      :  [32mnormal[0m
  Total Clients :  [32m2[0m
--------------------------------
+ subs of "pPrimeFactor" to "NUM_VALUE" every 0.0 seconds

----------[1;33mDISCONNECT[0m------------
[33mpPrimeFactor is leaving...           [1;32m[OK]
[0m--------------------------------

------------[1;32mCONNECT[0m-------------
New client connected:
  Handshaking   :  [32mOK
[0m  Client's name :  [32mpPrimeFactor[0m
  Type          :  [1;33mAsynchronous[0m
  Priority      :  [32mnormal[0m
  Total Clients :  [32m2[0m
--------------------------------
+ subs of "pPrimeFactor" to "NUM_VALUE" every 0.0 seconds

----------[1;33mDISCONNECT[0m------------
[33mpPrimeFactor is leaving...           [1;32m[OK]
[0m--------------------------------

------------[1;32mCONNECT[0m-------------
New client connected:
  Handshaking   :  [32mOK
[0m  Client's name :  [32mpPrimeFactor[0m
  Type          :  [1;33mAsynchronous[0m
  Priority      :  [32mnormal[0m
  Total Clients :  [32m2[0m
--------------------------------
+ subs of "pPrimeFactor" to "NUM_VALUE" every 0.0 seconds

----------[1;33mDISCONNECT[0m------------
[33mpPrimeFactor is leaving...           [1;32m[OK]
[0m--------------------------------

------------[1;32mCONNECT[0m-------------
New client connected:
  Handshaking   :  [32mOK
[0m  Client's name :  [32mpPrimeFactor[0m
  Type          :  [1;33mAsynchronous[0m
  Priority      :  [32mnormal[0m
  Total Clients :  [32m2[0m
--------------------------------
+ subs of "pPrimeFactor" to "NUM_VALUE" every 0.0 seconds

----------[1;33mDISCONNECT[0m------------
[33mpPrimeFactor is leaving...           [1;32m[OK]
[0m--------------------------------

------------[1;32mCONNECT[0m-------------
New client connected:
  Handshaking   :  [32mOK
[0m  Client's name :  [32mpPrimeFactor[0m
  Type          :  [1;33mAsynchronous[0m
  Priority      :  [32mnormal[0m
  Total Clients :  [32m2[0m
--------------------------------
+ subs of "pPrimeFactor" to "NUM_VALUE" every 0.0 seconds

----------[1;33mDISCONNECT[0m------------
[33mpPrimeFactor is leaving...           [1;32m[OK]
[0m--------------------------------

------------[1;32mCONNECT[0m-------------
New client connected:
  Handshaking   :  [32mOK
[0m  Client's name :  [32mpPrimeFactor[0m
  Type          :  [1;33mAsynchronous[0m
  Priority      :  [32mnormal[0m
  Total Clients :  [32m2[0m
--------------------------------
+ subs of "pPrimeFactor" to "NUM_VALUE" every 0.0 seconds

----------[1;33mDISCONNECT[0m------------
[33mpPrimeFactor is leaving...           [1;32m[OK]
[0m--------------------------------

------------[1;32mCONNECT[0m-------------
New client connected:
  Handshaking   :  [32mOK
[0m  Client's name :  [32mpPrimeFactor[0m
  Type          :  [1;33mAsynchronous[0m
  Priority      :  [32mnormal[0m
  Total Clients :  [32m2[0m
--------------------------------
+ subs of "pPrimeFactor" to "NUM_VALUE" every 0.0 seconds

----------[1;33mDISCONNECT[0m------------
[33mpPrimeFactor is leaving...           [1;32m[OK]
[0m--------------------------------

------------[1;32mCONNECT[0m-------------
New client connected:
  Handshaking   :  [32mOK
[0m  Client's name :  [32mpPrimeFactor[0m
  Type          :  [1;33mAsynchronous[0m
  Priority      :  [32mnormal[0m
  Total Clients :  [32m2[0m
--------------------------------
+ subs of "pPrimeFactor" to "NUM_VALUE" every 0.0 seconds

----------[1;33mDISCONNECT[0m------------
[33mpPrimeFactor is leaving...           [1;32m[OK]
[0m--------------------------------

------------[1;32mCONNECT[0m-------------
New client connected:
  Handshaking   :  [32mOK
[0m  Client's name :  [32mpPrimeFactor[0m
  Type          :  [1;33mAsynchronous[0m
  Priority      :  [32mnormal[0m
  Total Clients :  [32m2[0m
--------------------------------
+ subs of "pPrimeFactor" to "NUM_VALUE" every 0.0 seconds

----------[1;33mDISCONNECT[0m------------
[33mpPrimeFactor is leaving...           [1;32m[OK]
[0m--------------------------------

------------[1;32mCONNECT[0m-------------
New client connected:
  Handshaking   :  [32mOK
[0m  Client's name :  [32mpPrimeFactor[0m
  Type          :  [1;33mAsynchronous[0m
  Priority      :  [32mnormal[0m
  Total Clients :  [32m2[0m
--------------------------------
+ subs of "pPrimeFactor" to "NUM_VALUE" every 0.0 seconds

----------[1;33mDISCONNECT[0m------------
[33mpPrimeFactor is leaving...           [1;32m[OK]
[0m--------------------------------

------------[1;32mCONNECT[0m-------------
New client connected:
  Handshaking   :  [32mOK
[0m  Client's name :  [32mpPrimeFactor[0m
  Type          :  [1;33mAsynchronous[0m
  Priority      :  [32mnormal[0m
  Total Clients :  [32m2[0m
--------------------------------
+ subs of "pPrimeFactor" to "NUM_VALUE" every 0.0 seconds

----------[1;33mDISCONNECT[0m------------
[33mpPrimeFactor is leaving...           [1;32m[OK]
[0m--------------------------------

------------[1;32mCONNECT[0m-------------
New client connected:
  Handshaking   :  [32mOK
[0m  Client's name :  [32mpPrimeFactor[0m
  Type          :  [1;33mAsynchronous[0m
  Priority      :  [32mnormal[0m
  Total Clients :  [32m2[0m
--------------------------------
+ subs of "pPrimeFactor" to "NUM_VALUE" every 0.0 seconds

----------[1;33mDISCONNECT[0m------------
[33mpPrimeFactor is leaving...           [1;32m[OK]
[0m--------------------------------

------------[1;32mCONNECT[0m-------------
New client connected:
  Handshaking   :  [32mOK
[0m  Client's name :  [32mpPrimeFactor[0m
  Type          :  [1;33mAsynchronous[0m
  Priority      :  [32mnormal[0m
  Total Clients :  [32m2[0m
--------------------------------
+ subs of "pPrimeFactor" to "NUM_VALUE" every 0.0 seconds

----------[1;33mDISCONNECT[0m------------
[33mpPrimeFactor is leaving...           [1;32m[OK]
[0m--------------------------------

------------[1;32mCONNECT[0m-------------
New client connected:
  Handshaking   :  [32mOK
[0m  Client's name :  [32mpPrimeFactor[0m
  Type          :  [1;33mAsynchronous[0m
  Priority      :  [32mnormal[0m
  Total Clients :  [32m2[0m
--------------------------------
+ subs of "pPrimeFactor" to "NUM_VALUE" every 0.0 seconds

----------[1;33mDISCONNECT[0m------------
[33mpPrimeFactor is leaving...           [1;32m[OK]
[0m--------------------------------

------------[1;32mCONNECT[0m-------------
New client connected:
  Handshaking   :  [32mOK
[0m  Client's name :  [32mpPrimeFactor[0m
  Type          :  [1;33mAsynchronous[0m
  Priority      :  [32mnormal[0m
  Total Clients :  [32m2[0m
--------------------------------
+ subs of "pPrimeFactor" to "NUM_VALUE" every 0.0 seconds

----------[1;33mDISCONNECT[0m------------
[33mpPrimeFactor is leaving...           [1;32m[OK]
[0m--------------------------------

------------[1;32mCONNECT[0m-------------
New client connected:
  Handshaking   :  [32mOK
[0m  Client's name :  [32mpPrimeFactor[0m
  Type          :  [1;33mAsynchronous[0m
  Priority      :  [32mnormal[0m
  Total Clients :  [32m2[0m
--------------------------------
+ subs of "pPrimeFactor" to "NUM_VALUE" every 0.0 seconds

----------[1;33mDISCONNECT[0m------------
[33mpPrimeFactor is leaving...           [1;32m[OK]
[0m--------------------------------

------------[1;32mCONNECT[0m-------------
New client connected:
  Handshaking   :  [32mOK
[0m  Client's name :  [32mpPrimeFactor[0m
  Type          :  [1;33mAsynchronous[0m
  Priority      :  [32mnormal[0m
  Total Clients :  [32m2[0m
--------------------------------
+ subs of "pPrimeFactor" to "NUM_VALUE" every 0.0 seconds

----------[1;33mDISCONNECT[0m------------
[33mpPrimeFactor is leaving...           [1;32m[OK]
[0m--------------------------------

------------[1;32mCONNECT[0m-------------
New client connected:
  Handshaking   :  [32mOK
[0m  Client's name :  [32mpPrimeFactor[0m
  Type          :  [1;33mAsynchronous[0m
  Priority      :  [32mnormal[0m
  Total Clients :  [32m2[0m
--------------------------------
+ subs of "pPrimeFactor" to "NUM_VALUE" every 0.0 seconds

----------[1;33mDISCONNECT[0m------------
[33mpPrimeFactor is leaving...           [1;32m[OK]
[0m--------------------------------

------------[1;32mCONNECT[0m-------------
New client connected:
  Handshaking   :  [32mOK
[0m  Client's name :  [32mpPrimeFactor[0m
  Type          :  [1;33mAsynchronous[0m
  Priority      :  [32mnormal[0m
  Total Clients :  [32m2[0m
--------------------------------
+ subs of "pPrimeFactor" to "NUM_VALUE" every 0.0 seconds

----------[1;33mDISCONNECT[0m------------
[33mpPrimeFactor is leaving...           [1;32m[OK]
[0m--------------------------------

------------[1;32mCONNECT[0m-------------
New client connected:
  Handshaking   :  [32mOK
[0m  Client's name :  [32mpPrimeFactor[0m
  Type          :  [1;33mAsynchronous[0m
  Priority      :  [32mnormal[0m
  Total Clients :  [32m2[0m
--------------------------------
+ subs of "pPrimeFactor" to "NUM_VALUE" every 0.0 seconds

----------[1;33mDISCONNECT[0m------------
[33mpPrimeFactor is leaving...           [1;32m[OK]
[0m--------------------------------

------------[1;32mCONNECT[0m-------------
New client connected:
  Handshaking   :  [32mOK
[0m  Client's name :  [32mpPrimeFactor[0m
  Type          :  [1;33mAsynchronous[0m
  Priority      :  [32mnormal[0m
  Total Clients :  [32m2[0m
--------------------------------
+ subs of "pPrimeFactor" to "NUM_VALUE" every 0.0 seconds

----------[1;33mDISCONNECT[0m------------
[33mpPrimeFactor is leaving...           [1;32m[OK]
[0m--------------------------------

------------[1;32mCONNECT[0m-------------
New client connected:
  Handshaking   :  [32mOK
[0m  Client's name :  [32mpPrimeFactor[0m
  Type          :  [1;33mAsynchronous[0m
  Priority      :  [32mnormal[0m
  Total Clients :  [32m2[0m
--------------------------------
+ subs of "pPrimeFactor" to "NUM_VALUE" every 0.0 seconds

----------[1;33mDISCONNECT[0m------------
[33mpPrimeFactor is leaving...           [1;32m[OK]
[0m--------------------------------

------------[1;32mCONNECT[0m-------------
New client connected:
  Handshaking   :  [32mOK
[0m  Client's name :  [32mpPrimeFactor[0m
  Type          :  [1;33mAsynchronous[0m
  Priority      :  [32mnormal[0m
  Total Clients :  [32m2[0m
--------------------------------
+ subs of "pPrimeFactor" to "NUM_VALUE" every 0.0 seconds

----------[1;33mDISCONNECT[0m------------
[33mpPrimeFactor is leaving...           [1;32m[OK]
[0m--------------------------------

------------[1;32mCONNECT[0m-------------
New client connected:
  Handshaking   :  [32mOK
[0m  Client's name :  [32mpPrimeFactor[0m
  Type          :  [1;33mAsynchronous[0m
  Priority      :  [32mnormal[0m
  Total Clients :  [32m2[0m
--------------------------------
+ subs of "pPrimeFactor" to "NUM_VALUE" every 0.0 seconds

----------[1;33mDISCONNECT[0m------------
[33mpPrimeFactor is leaving...           [1;32m[OK]
[0m--------------------------------

------------[1;32mCONNECT[0m-------------
New client connected:
  Handshaking   :  [32mOK
[0m  Client's name :  [32mpPrimeFactor[0m
  Type          :  [1;33mAsynchronous[0m
  Priority      :  [32mnormal[0m
  Total Clients :  [32m2[0m
--------------------------------
+ subs of "pPrimeFactor" to "NUM_VALUE" every 0.0 seconds

----------[1;33mDISCONNECT[0m------------
[33mpPrimeFactor is leaving...           [1;32m[OK]
[0m--------------------------------

------------[1;32mCONNECT[0m-------------
New client connected:
  Handshaking   :  [32mOK
[0m  Client's name :  [32mpPrimeFactor[0m
  Type          :  [1;33mAsynchronous[0m
  Priority      :  [32mnormal[0m
  Total Clients :  [32m2[0m
--------------------------------
+ subs of "pPrimeFactor" to "NUM_VALUE" every 0.0 seconds

----------[1;33mDISCONNECT[0m------------
[33mpPrimeFactor is leaving...           [1;32m[OK]
[0m--------------------------------

------------[1;32mCONNECT[0m-------------
New client connected****************************************************
*       This is MOOS Client                        *
*       c. P Newman 2001-2012                      *
****************************************************

---------------MOOS CONNECT-----------------------
  contacting a MOOS server LOCALHOST:9000 -  try 00001 
  Contact Made
  Handshaking as "uMS[rypkema-P15xEMx]"........ [1;32m[OK]
[0m--------------------------------------------------

------------------- MOOSDB V10 -------------------
  Hosting  community                [1;32m"#1"
[0m  Name look up is                   [31moff
[0m  Asynchronous support is           [1;32mon
[0m  Connect to this server on port    [32m9000[0m
--------------------------------------------------
[1;33mnetwork performance data published on localhost:9090
listen with "nc -u -lk 9090"

------------[1;32mCONNECT[0m-------------
New client connected:
  Handshaking   :  [32mOK
[0m  Client's name :  [32muMS[rypkema-P15xEMx][0m
  Type          :  [32mSynchronous[0m
  Priority      :  [32mnormal[0m
  Total Clients :  [32m1[0m
--------------------------------

------------[1;32mCONNECT[0m-------------
New client connected:
  Handshaking   :  [32mOK
[0m  Client's name :  [32mpPrimeFactor[0m
  Type          :  [1;33mAsynchronous[0m
  Priority      :  [32mnormal[0m
  Total Clients :  [32m2[0m
--------------------------------
+ subs of "pPrimeFactor" to "NUM_VALUE" every 0.0 seconds

------------[1;32mCONNECT[0m-------------
New client connected:
  Handshaking   :  [32mOK
[0m  Client's name :  [32mpPrimeFactorTester[0m
  Type          :  [1;33mAsynchronous[0m
  Priority      :  [32mnormal[0m
  Total Clients :  [32m3[0m
--------------------------------
+ subs of "pPrimeFactorTester" to "PRIME_RESULT" every 0.0 seconds

----------[1;33mDISCONNECT[0m------------
[33mpPrimeFactorTester is leaving...           [1;32m[OK]
[0m--------------------------------

------------[1;32mCONNECT[0m-------------
New client connected:
  Handshaking   :  [32mOK
[0m  Client's name :  [32mpPrimeFactorTester[0m
  Type          :  [1;33mAsynchronous[0m
  Priority      :  [32mnormal[0m
  Total Clients :  [32m3[0m
--------------------------------
+ subs of "pPrimeFactorTester" to "PRIME_RESULT" every 0.0 seconds

----------[1;33mDISCONNECT[0m------------
[33mpPrimeFactorTester is leaving...           [1;32m[OK]
[0m--------------------------------

------------[1;32mCONNECT[0m-------------
New client connected:
  Handshaking   :  [32mOK
[0m  Client's name :  [32mpPrimeFactorTester[0m
  Type          :  [1;33mAsynchronous[0m
  Priority      :  [32mnormal[0m
  Total Clients :  [32m3[0m
--------------------------------
+ subs of "pPrimeFactorTester" to "PRIME_RESULT" every 0.0 seconds

----------[1;33mDISCONNECT[0m------------
[33mpPrimeFactorTester is leaving...           [1;32m[OK]
[0m--------------------------------

------------[1;32mCONNECT[0m-------------
New client connected:
  Handshaking   :  [32mOK
[0m  Client's name :  [32mpPrimeFactorTester[0m
  Type          :  [1;33mAsynchronous[0m
  Priority      :  [32mnormal[0m
  Total Clients :  [32m3[0m
--------------------------------
+ subs of "pPrimeFactorTester" to "PRIME_RESULT" every 0.0 seconds

----------[1;33mDISCONNECT[0m------------
[33mpPrimeFactorTester is leaving...           [1;32m[OK]
[0m--------------------------------

------------[1;32mCONNECT[0m-------------
New client connected:
  Handshaking   :  [32mOK
[0m  Client's name :  [32mpPrimeFactorTester[0m
  Type          :  [1;33mAsynchronous[0m
  Priority      :  [32mnormal[0m
  Total Clients :  [32m3[0m
--------------------------------
+ subs of "pPrimeFactorTester" to "PRIME_RESULT" every 0.0 seconds

----------[1;33mDISCONNECT[0m------------
[33mpPrimeFactorTester is leaving...           [1;32m[OK]
[0m--------------------------------

------------[1;32mCONNECT[0m-------------
New client connected:
  Handshaking   :  [32mOK
[0m  Client's name :  [32mpPrimeFactorTester[0m
  Type          :  [1;33mAsynchronous[0m
  Priority      :  [32mnormal[0m
  Total Clients :  [32m3[0m
--------------------------------
+ subs of "pPrimeFactorTester" to "PRIME_RESULT" every 0.0 seconds

----------[1;33mDISCONNECT[0m------------
[33mpPrimeFactorTester is leaving...           [1;32m[OK]
[0m--------------------------------

------------[1;32mCONNECT[0m-------------
New client connected:
  Handshaking   :  [32mOK
[0m  Client's name :  [32mpPrimeFactorTester[0m
  Type          :  [1;33mAsynchronous[0m
  Priority      :  [32mnormal[0m
  Total Clients :  [32m3[0m
--------------------------------
+ subs of "pPrimeFactorTester" to "PRIME_RESULT" every 0.0 seconds

----------[1;33mDISCONNECT[0m------------
[33mpPrimeFactorTester is leaving...           [1;32m[OK]
[0m--------------------------------

------------[1;32mCONNECT[0m-------------
New client connected:
  Handshaking   :  [32mOK
[0m  Client's name :  [32mpPrimeFactorTester[0m
  Type          :  [1;33mAsynchronous[0m
  Priority      :  [32mnormal[0m
  Total Clients :  [32m3[0m
--------------------------------
+ subs of "pPrimeFactorTester" to "PRIME_RESULT" every 0.0 seconds

----------[1;33mDISCONNECT[0m------------
[33mpPrimeFactorTester is leaving...           [1;32m[OK]
[0m--------------------------------

------------[1;32mCONNECT[0m-------------
New client connected:
  Handshaking   :  [32mOK
[0m  Client's name :  [32mpPrimeFactorTester[0m
  Type          :  [1;33mAsynchronous[0m
  Priority      :  [32mnormal[0m
  Total Clients :  [32m3[0m
--------------------------------
+ subs of "pPrimeFactorTester" to "PRIME_RESULT" every 0.0 seconds

----------[1;33mDISCONNECT[0m------------
[33mpPrimeFactorTester is leaving...           [1;32m[OK]
[0m--------------------------------

------------[1;32mCONNECT[0m-------------
New client connected:
  Handshaking   :  [32mOK
[0m  Client's name :  [32mpPrimeFactorTester[0m
  Type          :  [1;33mAsynchronous[0m
  Priority      :  [32mnormal[0m
  Total Clients :  [32m3[0m
--------------------------------
+ subs of "pPrimeFactorTester" to "PRIME_RESULT" every 0.0 seconds

----------[1;33mDISCONNECT[0m------------
[33mpPrimeFactorTester is leaving...           [1;32m[OK]
[0m--------------------------------

------------[1;32mCONNECT[0m-------------
New client connected:
  Handshaking   :  [32mOK
[0m  Client's name :  [32mpPrimeFactorTester[0m
  Type          :  [1;33mAsynchronous[0m
  Priority      :  [32mnormal[0m
  Total Clients :  [32m3[0m
--------------------------------
+ subs of "pPrimeFactorTester" to "PRIME_RESULT" every 0.0 seconds

----------[1;33mDISCONNECT[0m------------
[33mpPrimeFactorTester is leaving...           [1;32m[OK]
[0m--------------------------------

------------[1;32mCONNECT[0m-------------
New client connected:
  Handshaking   :  [32mOK
[0m  Client's name :  [32mpPrimeFactorTester[0m
  Type          :  [1;33mAsynchronous[0m
  Priority      :  [32mnormal[0m
  Total Clients :  [32m3[0m
--------------------------------
+ subs of "pPrimeFactorTester" to "PRIME_RESULT" every 0.0 seconds

----------[1;33mDISCONNECT[0m------------
[33mpPrimeFactorTester is leaving...           [1;32m[OK]
[0m--------------------------------

------------[1;32mCONNECT[0m-------------
New client connected:
  Handshaking   :  [32mOK
[0m  Client's name :  [32mpPrimeFactorTester[0m
  Type          :  [1;33mAsynchronous[0m
  Priority      :  [32mnormal[0m
  Total Clients :  [32m3[0m
--------------------------------
+ subs of "pPrimeFactorTester" to "PRIME_RESULT" every 0.0 seconds

----------[1;33mDISCONNECT[0m------------
[33mpPrimeFactorTester is leaving...           [1;32m[OK]
[0m--------------------------------

------------[1;32mCONNECT[0m-------------
New client connected:
  Handshaking   :  [32mOK
[0m  Client's name :  [32mpPrimeFactorTester[0m
  Type          :  [1;33mAsynchronous[0m
  Priority      :  [32mnormal[0m
  Total Clients :  [32m3[0m
--------------------------------
+ subs of "pPrimeFactorTester" to "PRIME_RESULT" every 0.0 seconds

----------[1;33mDISCONNECT[0m------------
[33mpPrimeFactorTester is leaving...           [1;32m[OK]
[0m--------------------------------

------------[1;32mCONNECT[0m-------------
New client connected:
  Handshaking   :  [32mOK
[0m  Client's name :  [32mpPrimeFactorTester[0m
  Type          :  [1;33mAsynchronous[0m
  Priority      :  [32mnormal[0m
  Total Clients :  [32m3[0m
--------------------------------
+ subs of "pPrimeFactorTester" to "PRIME_RESULT" every 0.0 seconds

----------[1;33mDISCONNECT[0m------------
[33mpPrimeFactorTester is leaving...           [1;32m[OK]
[0m--------------------------------

------------[1;32mCONNECT[0m-------------
New client connected:
  Handshaking   :  [32mOK
[0m  Client's name :  [32mpPrimeFactorTester[0m
  Type          :  [1;33mAsynchronous[0m
  Priority      :  [32mnormal[0m
  Total Clients :  [32m3[0m
--------------------------------
+ subs of "pPrimeFactorTester" to "PRIME_RESULT" every 0.0 seconds

----------[1;33mDISCONNECT[0m------------
[33mpPrimeFactorTester is leaving...           [1;32m[OK]
[0m--------------------------------

------------[1;32mCONNECT[0m-------------
New client connected:
  Handshaking   :  [32mOK
[0m  Client's name :  [32mpPrimeFactorTester[0m
  Type          :  [1;33mAsynchronous[0m
  Priority      :  [32mnormal[0m
  Total Clients :  [32m3[0m
--------------------------------
+ subs of "pPrimeFactorTester" to "PRIME_RESULT" every 0.0 seconds

----------[1;33mDISCONNECT[0m------------
[33mpPrimeFactorTester is leaving...           [1;32m[OK]
[0m--------------------------------

------------[1;32mCONNECT[0m-------------
New client connected:
  Handshaking   :  [32mOK
[0m  Client's name :  [32mpPrimeFactorTester[0m
  Type          :  [1;33mAsynchronous[0m
  Priority      :  [32mnormal[0m
  Total Clients :  [32m3[0m
--------------------------------
+ subs of "pPrimeFactorTester" to "PRIME_RESULT" every 0.0 seconds

----------[1;33mDISCONNECT[0m------------
[33mpPrimeFactorTester is leaving...           [1;32m[OK]
[0m--------------------------------

------------[1;32mCONNECT[0m-------------
New client connected:
  Handshaking   :  [32mOK
[0m  Client's name :  [32mpPrimeFactorTester[0m
  Type          :  [1;33mAsynchronous[0m
  Priority      :  [32mnormal[0m
  Total Clients :  [32m3[0m
--------------------------------
+ subs of "pPrimeFactorTester" to "PRIME_RESULT" every 0.0 seconds

----------[1;33mDISCONNECT[0m------------
[33mpPrimeFactorTester is leaving...           [1;32m[OK]
[0m--------------------------------

------------[1;32mCONNECT[0m-------------
New client connected:
  Handshaking   :  [32mOK
[0m  Client's name :  [32mpPrimeFactorTester[0m
  Type          :  [1;33mAsynchronous[0m
  Priority      :  [32mnormal[0m
  Total Clients :  [32m3[0m
--------------------------------
+ subs of "pPrimeFactorTester" to "PRIME_RESULT" every 0.0 seconds

----------[1;33mDISCONNECT[0m------------
[33mpPrimeFactorTester is leaving...           [1;32m[OK]
[0m--------------------------------

------------[1;32mCONNECT[0m-------------
New client connected:
  Handshaking   :  [32mOK
[0m  Client's name :  [32mpPrimeFactorTester[0m
  Type          :  [1;33mAsynchronous[0m
  Priority      :  [32mnormal[0m
  Total Clients :  [32m3[0m
--------------------------------
+ subs of "pPrimeFactorTester" to "PRIME_RESULT" every 0.0 seconds

----------[1;33mDISCONNECT[0m------------
[33mpPrimeFactorTester is leaving...           [1;32m[OK]
[0m--------------------------------

----------[1;33mDISCONNECT[0m------------
[33mpPrimeFactor is leaving...           [1;32m[OK]
[0m--------------------------------

------------[1;32mCONNECT[0m-------------
New client connected:
  Handshaking   :  [32mOK
[0m  Client's name :  [32mpPrimeFactor[0m
  Type          :  [1;33mAsynchronous[0m
  Priority      :  [32mnormal[0m
  Total Clients :  [32m2[0m
--------------------------------
+ subs of "pPrimeFactor" to "NUM_VALUE" every 0.0 seconds

----------[1;33mDISCONNECT[0m------------
[33mpPrimeFactor is leaving...           [1;32m[OK]
[0m--------------------------------

------------[1;32mCONNECT[0m-------------
New client connected:
  Handshaking   :  [32mOK
[0m  Client's name :  [32mpPrimeFactor[0m
  Type          :  [1;33mAsynchronous[0m
  Priority      :  [32mnormal[0m
  Total Clients :  [32m2[0m
--------------------------------
+ subs of "pPrimeFactor" to "NUM_VALUE" every 0.0 seconds

----------[1;33mDISCONNECT[0m------------
[33mpPrimeFactor is leaving...           [1;32m[OK]
[0m--------------------------------

------------[1;32mCONNECT[0m-------------
New client connected:
  Handshaking   :  [32mOK
[0m  Client's name :  [32mpPrimeFactor[0m
  Type          :  [1;33mAsynchronous[0m
  Priority      :  [32mnormal[0m
  Total Clients :  [32m2[0m
--------------------------------
+ subs of "pPrimeFactor" to "NUM_VALUE" every 0.0 seconds

----------[1;33mDISCONNECT[0m------------
[33mpPrimeFactor is leaving...           [1;32m[OK]
[0m--------------------------------

------------[1;32mCONNECT[0m-------------
New client connected:
  Handshaking   :  [32mOK
[0m  Client's name :  [32mpPrimeFactorTester[0m
  Type          :  [1;33mAsynchronous[0m
  Priority      :  [32mnormal[0m
  Total Clients :  [32m2[0m
--------------------------------
+ subs of "pPrimeFactorTester" to "PRIME_RESULT" every 0.0 seconds

----------[1;33mDISCONNECT[0m------------
[33mpPrimeFactorTester is leaving...           [1;32m[OK]
[0m--------------------------------

------------[1;32mCONNECT[0m-------------
New client connected:
  Handshaking   :  [32mOK
[0m  Client's name :  [32mpPrimeFactor[0m
  Type          :  [1;33mAsynchronous[0m
  Priority      :  [32mnormal[0m
  Total Clients :  [32m2[0m
--------------------------------
+ subs of "pPrimeFactor" to "NUM_VALUE" every 0.0 seconds

----------[1;33mDISCONNECT[0m------------
[33mpPrimeFactor is leaving...           [1;32m[OK]
[0m--------------------------------

------------[1;32mCONNECT[0m-------------
New client connected:
  Handshaking   :  [32mOK
[0m  Client's name :  [32mpPrimeFactor[0m
  Type          :  [1;33mAsynchronous[0m
  Priority      :  [32mnormal[0m
  Total Clients :  [32m2[0m
--------------------------------
+ subs of "pPrimeFactor" to "NUM_VALUE" every 0.0 seconds

----------[1;33mDISCONNECT[0m------------
[33mpPrimeFactor is leaving...           [1;32m[OK]
[0m--------------------------------

------------[1;32mCONNECT[0m-------------
New client connected:
  Handshaking   :  [32mOK
[0m  Client's name :  [32mpPrimeFactor[0m
  Type          :  [1;33mAsynchronous[0m
  Priority      :  [32mnormal[0m
  Total Clients :  [32m2[0m
--------------------------------
+ subs of "pPrimeFactor" to "NUM_VALUE" every 0.0 seconds

----------[1;33mDISCONNECT[0m------------
[33mpPrimeFactor is leaving...           [1;32m[OK]
[0m--------------------------------

------------[1;32mCONNECT[0m-------------
New client connected:
  Handshaking   :  [32mOK
[0m  Client's name :  [32mpPrimeFactorTester[0m
  Type          :  [1;33mAsynchronous[0m
  Priority      :  [32mnormal[0m
  Total Clients :  [32m2[0m
--------------------------------
+ subs of "pPrimeFactorTester" to "PRIME_RESULT" every 0.0 seconds

----------[1;33mDISCONNECT[0m------------
[33mpPrimeFactorTester is leaving...           [1;32m[OK]
[0m--------------------------------

------------[1;32mCONNECT[0m-------------
New client connected:
  Handshaking   :  [32mOK
[0m  Client's name :  [32mpPrimeFactor[0m
  Type          :  [1;33mAsynchronous[0m
  Priority      :  [32mnormal[0m
  Total Clients :  [32m2[0m
--------------------------------

------------[1;32mCONNECT[0m-------------
New client connected:
  Handshaking   :  [32mOK
[0m  Client's name :  [32mpPrimeFactorTester[0m
  Type          :  [1;33mAsynchronous[0m
  Priority      :  [32mnormal[0m
  Total Clients :  [32m3[0m
--------------------------------
+ subs of "pPrimeFactor" to "NUM_VALUE" every 0.0 seconds
+ subs of "pPrimeFactorTester" to "PRIME_RESULT" every 0.0 seconds

------------[1;32mCONNECT[0m-------------
New client connected:
  Handshaking   :  [32mOK
[0m  Client's name :  [32muTimerScript[0m
  Type          :  [1;33mAsynchronous[0m
  Priority      :  [32mnormal[0m
  Total Clients :  [32m4[0m
--------------------------------
+ subs of "uTimerScript" to "APPCAST_REQ" every 0.0 seconds
+ subs of "uTimerScript" to "UTS_FORWARD" every 0.0 seconds
+ subs of "uTimerScript" to "UTS_PAUSE" every 0.0 seconds
+ subs of "uTimerScript" to "UTS_RESET" every 0.0 seconds
+ subs of "uTimerScript" to "DB_UPTIME" every 0.0 seconds
+ subs of "uTimerScript" to "EXITED_NORMALLY" every 0.0 seconds

----------[1;33mDISCONNECT[0m------------
[33mpPrimeFactor is leaving...           [1;32m[OK]
[0m--------------------------------

----------[1;33mDISCONNECT[0m------------
[33mpPrimeFactorTester is leaving...           [1;32m[OK]
[0m--------------------------------

----------[1;33mDISCONNECT[0m------------
[33muTimerScript is leaving...           [1;32m[OK]
[0m--------------------------------

------------[1;32mCONNECT[0m-------------
New client connected:
  Handshaking   :  [32mOK
[0m  Client's name :  [32mpPrimeFactor[0m
  Type          :  [1;33mAsynchronous[0m
  Priority      :  [32mnormal[0m
  Total Clients :  [32m2[0m
--------------------------------
+ subs of "pPrimeFactor" to "NUM_VALUE" every 0.0 seconds

------------[1;32mCONNECT[0m-------------
New client connected:
  Handshaking   :  [32mOK
[0m  Client's name :  [32mpPrimeFactorTester[0m
  Type          :  [1;33mAsynchronous[0m
  Priority      :  [32mnormal[0m
  Total Clients :  [32m3[0m
--------------------------------
+ subs of "pPrimeFactorTester" to "PRIME_RESULT" every 0.0 seconds

------------[1;32mCONNECT[0m-------------
New client connected:
  Handshaking   :  [32mOK
[0m  Client's name :  [32muTimerScript[0m
  Type          :  [1;33mAsynchronous[0m
  Priority      :  [32mnormal[0m
  Total Clients :  [32m4[0m
--------------------------------
+ subs of "uTimerScript" to "APPCAST_REQ" every 0.0 seconds
+ subs of "uTimerScript" to "UTS_FORWARD" every 0.0 seconds
+ subs of "uTimerScript" to "UTS_PAUSE" every 0.0 seconds
+ subs of "uTimerScript" to "UTS_RESET" every 0.0 seconds
+ subs of "uTimerScript" to "DB_UPTIME" every 0.0 seconds
+ subs of "uTimerScript" to "EXITED_NORMALLY" every 0.0 seconds

----------[1;33mDISCONNECT[0m------------
[33muTimerScript is leaving...           [1;32m[OK]
[0m--------------------------------

----------[1;33mDISCONNECT[0m------------
[33mpPrimeFactorTester is leaving...           [1;32m[OK]
[0m--------------------------------

----------[1;33mDISCONNECT[0m------------
[33mpPrimeFactor is leaving...           [1;32m[OK]
[0m--------------------------------

------------[1;32mCONNECT[0m-------------
New client connected:
  Handshaking   :  [32mOK
[0m  Client's name :  [32mpPrimeFactor[0m
  Type          :  [1;33mAsynchronous[0m
  Priority      :  [32mnormal[0m
  Total Clients :  [32m2[0m
--------------------------------
+ subs of "pPrimeFactor" to "NUM_VALUE" every 0.0 seconds

------------[1;32mCONNECT[0m-------------
New client connected:
  Handshaking   :  [32mOK
[0m  Client's name :  [32muTimerScript[0m
  Type          :  [1;33mAsynchronous[0m
  Priority      :  [32mnormal[0m
  Total Clients :  [32m3[0m
--------------------------------
+ subs of "uTimerScript" to "APPCAST_REQ" every 0.0 seconds
+ subs of "uTimerScript" to "UTS_FORWARD" every 0.0 seconds
+ subs of "uTimerScript" to "UTS_PAUSE" every 0.0 seconds
+ subs of "uTimerScript" to "UTS_RESET" every 0.0 seconds
+ subs of "uTimerScript" to "DB_UPTIME" every 0.0 seconds
+ subs of "uTimerScript" to "EXITED_NORMALLY" every 0.0 seconds

------------[1;32mCONNECT[0m-------------
New client connected:
  Handshaking   :  [32mOK
[0m  Client's name :  [32mpPrimeFactorTester[0m
  Type          :  [1;33mAsynchronous[0m
  Priority      :  [32mnormal[0m
  Total Clients :  [32m4[0m
--------------------------------
+ subs of "pPrimeFactorTester" to "PRIME_RESULT" every 0.0 seconds

----------[1;33mDISCONNECT[0m------------
[33muTimerScript is leaving...           [1;32m[OK]
[0m--------------------------------

----------[1;33mDISCONNECT[0m------------
[33mpPrimeFactor is leaving...           [1;32m[OK]
[0m--------------------------------

----------[1;33mDISCONNECT[0m------------
[33mpPrimeFactorTester is leaving...           [1;32m[OK]
[0m--------------------------------

------------[1;32mCONNECT[0m-------------
New client connected:
  Handshaking   :  [32mOK
[0m  Client's name :  [32mpPrimeFactorTester[0m
  Type          :  [1;33mAsynchronous[0m
  Priority      :  [32mnormal[0m
  Total Clients :  [32m2[0m
--------------------------------
+ subs of "pPrimeFactorTester" to "PRIME_RESULT" every 0.0 seconds

------------[1;32mCONNECT[0m-------------
New client connected:
  Handshaking   :  [32mOK
[0m  Client's name :  [32mpPrimeFactor[0m
  Type          :  [1;33mAsynchronous[0m
  Priority      :  [32mnormal[0m
  Total Clients :  [32m3[0m
--------------------------------
+ subs of "pPrimeFactor" to "NUM_VALUE" every 0.0 seconds

----------[1;33mDISCONNECT[0m------------
[33mpPrimeFactorTester is leaving...           [1;32m[OK]
[0m--------------------------------

----------[1;33mDISCONNECT[0m------------
[33mpPrimeFactor is leaving...           [1;32m[OK]
[0m--------------------------------

------------[1;32mCONNECT[0m-------------
New client connected:
  Handshaking   :  [32mOK
[0m  Client's name :  [32mpPrimeFactor[0m
  Type          :  [1;33mAsynchronous[0m
  Priority      :  [32mnormal[0m
  Total Clients :  [32m2[0m
--------------------------------
+ subs of "pPrimeFactor" to "NUM_VALUE" every 0.0 seconds

------------[1;32mCONNECT[0m-------------
New client connected:
  Handshaking   :  [32mOK
[0m  Client's name :  [32mpPrimeFactorTester[0m
  Type          :  [1;33mAsynchronous[0m
  Priority      :  [32mnormal[0m
  Total Clients :  [32m3[0m
--------------------------------
+ subs of "pPrimeFactorTester" to "PRIME_RESULT" every 0.0 seconds

------------[1;32mCONNECT[0m-------------
New client connected:
  Handshaking   :  [32mOK
[0m  Client's name :  [32muTimerScript[0m
  Type          :  [1;33mAsynchronous[0m
  Priority      :  [32mnormal[0m
  Total Clients :  [32m4[0m
--------------------------------
+ subs of "uTimerScript" to "APPCAST_REQ" every 0.0 seconds
+ subs of "uTimerScript" to "UTS_FORWARD" every 0.0 seconds
+ subs of "uTimerScript" to "UTS_PAUSE" every 0.0 seconds
+ subs of "uTimerScript" to "UTS_RESET" every 0.0 seconds
+ subs of "uTimerScript" to "DB_UPTIME" every 0.0 seconds
+ subs of "uTimerScript" to "EXITED_NORMALLY" every 0.0 seconds

----------[1;33mDISCONNECT[0m------------
[33mpPrimeFactorTester is leaving...           [1;32m[OK]
[0m--------------------------------

------------[1;32mCONNECT[0m-------------
New client connected:
  Handshaking   :  [32mOK
[0m  Client's name :  [32mpPrimeFactorTester[0m
  Type          :  [1;33mAsynchronous[0m
  Priority      :  [32mnormal[0m
  Total Clients :  [32m4[0m
--------------------------------
+ subs of "pPrimeFactorTester" to "PRIME_RESULT" every 0.0 seconds

----------[1;33mDISCONNECT[0m------------
[33muTimerScript is leaving...           [1;32m[OK]
[0m--------------------------------

----------[1;33mDISCONNECT[0m------------
[33mpPrimeFactor is leaving...           [1;32m[OK]
[0m--------------------------------

----------[1;33mDISCONNECT[0m------------
[33mpPrimeFactorTester is leaving...           [1;32m[OK]
[0m--------------------------------

------------[1;32mCONNECT[0m-------------
New client connected:
  Handshaking   :  [32mOK
[0m  Client's name :  [32mpPrimeFactor[0m
  Type          :  [1;33mAsynchronous[0m
  Priority      :  [32mnormal[0m
  Total Clients :  [32m2[0m
--------------------------------
+ subs of "pPrimeFactor" to "NUM_VALUE" every 0.0 seconds

------------[1;32mCONNECT[0m-------------
New client connected:
  Handshaking   :  [32mOK
[0m  Client's name :  [32mpPrimeFactorTester[0m
  Type          :  [1;33mAsynchronous[0m
  Priority      :  [32mnormal[0m
  Total Clients :  [32m3[0m
--------------------------------
+ subs of "pPrimeFactorTester" to "PRIME_RESULT" every 0.0 seconds

----------[1;33mDISCONNECT[0m------------
[33mpPrimeFactorTester is leaving...           [1;32m[OK]
[0m--------------------------------

------------[1;32mCONNECT[0m-------------
New client connected:
  Handshaking   :  [32mOK
[0m  Client's name :  [32mpPrimeFactorTester[0m
  Type          :  [1;33mAsynchronous[0m
  Priority      :  [32mnormal[0m
  Total Clients :  [32m3[0m
--------------------------------
+ subs of "pPrimeFactorTester" to "PRIME_RESULT" every 0.0 seconds

----------[1;33mDISCONNECT[0m------------
[33mpPrimeFactorTester is leaving...           [1;32m[OK]
[0m--------------------------------

------------[1;32mCONNECT[0m-------------
New client connected:
  Handshaking   :  [32mOK
[0m  Client's name :  [32mpPrimeFactorTester[0m
  Type          :  [1;33mAsynchronous[0m
  Priority      :  [32mnormal[0m
  Total Clients :  [32m3[0m
--------------------------------
+ subs of "pPrimeFactorTester" to "PRIME_RESULT" every 0.0 seconds

----------[1;33mDISCONNECT[0m------------
[33mpPrimeFactorTester is leaving...           [1;32m[OK]
[0m--------------------------------

------------[1;32mCONNECT[0m-------------
New client connected:
  Handshaking   :  [32mOK
[0m  Client's name :  [32mpPrimeFactorTester[0m
  Type          :  [1;33mAsynchronous[0m
  Priority      :  [32mnormal[0m
  Total Clients :  [32m3[0m
--------------------------------
+ subs of "pPrimeFactorTester" to "PRIME_RESULT" every 0.0 seconds

----------[1;33mDISCONNECT[0m------------
[33mpPrimeFactorTester is leaving...           [1;32m[OK]
[0m--------------------------------

------------[1;32mCONNECT[0m-------------
New client connected:
  Handshaking   :  [32mOK
[0m  Client's name :  [32mpPrimeFactorTester[0m
  Type          :  [1;33mAsynchronous[0m
  Priority      :  [32mnormal[0m
  Total Clients :  [32m3[0m
--------------------------------
+ subs of "pPrimeFactorTester" to "PRIME_RESULT" every 0.0 seconds

----------[1;33mDISCONNECT[0m------------
[33mpPrimeFactorTester is leaving...           [1;32m[OK]
[0m--------------------------------

------------[1;32mCONNECT[0m-------------
New client connected:
  Handshaking   :  [32mOK
[0m  Client's name :  [32mpPrimeFactorTester[0m
  Type          :  [1;33mAsynchronous[0m
  Priority      :  [32mnormal[0m
  Total Clients :  [32m3[0m
--------------------------------
+ subs of "pPrimeFactorTester" to "PRIME_RESULT" every 0.0 seconds

----------[1;33mDISCONNECT[0m------------
[33mpPrimeFactorTester is leaving...           [1;32m[OK]
[0m--------------------------------

------------[1;32mCONNECT[0m-------------
New client connected:
  Handshaking   :  [32mOK
[0m  Client's name :  [32mpPrimeFactorTester[0m
  Type          :  [1;33mAsynchronous[0m
  Priority      :  [32mnormal[0m
  Total Clients :  [32m3[0m
--------------------------------
+ subs of "pPrimeFactorTester" to "PRIME_RESULT" every 0.0 seconds

----------[1;33mDISCONNECT[0m------------
[33mpPrimeFactorTester is leaving...           [1;32m[OK]
[0m--------------------------------

------------[1;32mCONNECT[0m-------------
New client connected:
  Handshaking   :  [32mOK
[0m  Client's name :  [32mpPrimeFactorTester[0m
  Type          :  [1;33mAsynchronous[0m
  Priority      :  [32mnormal[0m
  Total Clients :  [32m3[0m
--------------------------------
+ subs of "pPrimeFactorTester" to "PRIME_RESULT" every 0.0 seconds

----------[1;33mDISCONNECT[0m------------
[33mpPrimeFactorTester is leaving...           [1;32m[OK]
[0m--------------------------------

------------[1;32mCONNECT[0m-------------
New client connected:
  Handshaking   :  [32mOK
[0m  Client's name :  [32mpPrimeFactorTester[0m
  Type          :  [1;33mAsynchronous[0m
  Priority      :  [32mnormal[0m
  Total Clients :  [32m3[0m
--------------------------------
+ subs of "pPrimeFactorTester" to "PRIME_RESULT" every 0.0 seconds

----------[1;33mDISCONNECT[0m------------
[33mpPrimeFactorTester is leaving...           [1;32m[OK]
[0m--------------------------------

------------[1;32mCONNECT[0m-------------
New client connected:
  Handshaking   :  [32mOK
[0m  Client's name :  [32mpPrimeFactorTester[0m
  Type          :  [1;33mAsynchronous[0m
  Priority      :  [32mnormal[0m
  Total Clients :  [32m3[0m
--------------------------------
+ subs of "pPrimeFactorTester" to "PRIME_RESULT" every 0.0 seconds

----------[1;33mDISCONNECT[0m------------
[33mpPrimeFactorTester is leaving...           [1;32m[OK]
[0m--------------------------------

------------[1;32mCONNECT[0m-------------
New client connected:
  Handshaking   :  [32mOK
[0m  Client's name :  [32mpPrimeFactorTester[0m
  Type          :  [1;33mAsynchronous[0m
  Priority      :  [32mnormal[0m
  Total Clients :  [32m3[0m
--------------------------------
+ subs of "pPrimeFactorTester" to "PRIME_RESULT" every 0.0 seconds

----------[1;33mDISCONNECT[0m------------
[33mpPrimeFactorTester is leaving...           [1;32m[OK]
[0m--------------------------------

------------[1;32mCONNECT[0m-------------
New client connected:
  Handshaking   :  [32mOK
[0m  Client's name :  [32mpPrimeFactorTester[0m
  Type          :  [1;33mAsynchronous[0m
  Priority      :  [32mnormal[0m
  Total Clients :  [32m3[0m
--------------------------------
+ subs of "pPrimeFactorTester" to "PRIME_RESULT" every 0.0 seconds

----------[1;33mDISCONNECT[0m------------
[33mpPrimeFactorTester is leaving...           [1;32m[OK]
[0m--------------------------------

------------[1;32mCONNECT[0m-------------
New client connected:
  Handshaking   :  [32mOK
[0m  Client's name :  [32mpPrimeFactorTester[0m
  Type          :  [1;33mAsynchronous[0m
  Priority      :  [32mnormal[0m
  Total Clients :  [32m3[0m
--------------------------------
+ subs of "pPrimeFactorTester" to "PRIME_RESULT" every 0.0 seconds

----------[1;33mDISCONNECT[0m------------
[33mpPrimeFactorTester is leaving...           [1;32m[OK]
[0m--------------------------------

------------[1;32mCONNECT[0m-------------
New client connected:
  Handshaking   :  [32mOK
[0m  Client's name :  [32mpPrimeFactorTester[0m
  Type          :  [1;33mAsynchronous[0m
  Priority      :  [32mnormal[0m
  Total Clients :  [32m3[0m
--------------------------------
+ subs of "pPrimeFactorTester" to "PRIME_RESULT" every 0.0 seconds

----------[1;33mDISCONNECT[0m------------
[33mpPrimeFactorTester is leaving...           [1;32m[OK]
[0m--------------------------------

------------[1;32mCONNECT[0m-------------
New client connected:
  Handshaking   :  [32mOK
[0m  Client's name :  [32mpPrimeFactorTester[0m
  Type          :  [1;33mAsynchronous[0m
  Priority      :  [32mnormal[0m
  Total Clients :  [32m3[0m
--------------------------------
+ subs of "pPrimeFactorTester" to "PRIME_RESULT" every 0.0 seconds

----------[1;33mDISCONNECT[0m------------
[33mpPrimeFactorTester is leaving...           [1;32m[OK]
[0m--------------------------------

------------[1;32mCONNECT[0m-------------
New client connected:
  Handshaking   :  [32mOK
[0m  Client's name :  [32mpPrimeFactorTester[0m
  Type          :  [1;33mAsynchronous[0m
  Priority      :  [32mnormal[0m
  Total Clients :  [32m3[0m
--------------------------------
+ subs of "pPrimeFactorTester" to "PRIME_RESULT" every 0.0 seconds

----------[1;33mDISCONNECT[0m------------
[33mpPrimeFactorTester is leaving...           [1;32m[OK]
[0m--------------------------------

------------[1;32mCONNECT[0m-------------
New client connected:
  Handshaking   :  [32mOK
[0m  Client's name :  [32mpPrimeFactorTester[0m
  Type          :  [1;33mAsynchronous[0m
  Priority      :  [32mnormal[0m
  Total Clients :  [32m3[0m
--------------------------------
+ subs of "pPrimeFactorTester" to "PRIME_RESULT" every 0.0 seconds

----------[1;33mDISCONNECT[0m------------
[33mpPrimeFactorTester is leaving...           [1;32m[OK]
[0m--------------------------------

----------[1;33mDISCONNECT[0m------------
[33mpPrimeFactor is leaving...           [1;32m[OK]
[0m--------------------------------

------------[1;32mCONNECT[0m-------------
New client connect